<?xml version="1.0" encoding="UTF-8"?>
<testsuite name="Login - Saucedemo" tests="1" skipped="0" failures="0" errors="0" timestamp="2025-07-17T15:03:45" hostname="DESKTOP-8ACA4EI" time="217.289">
  <properties/>
  <testcase name="Successful login" classname="Login - Saucedemo" time="217.289"/>
  <system-out><![CDATA[
Scenario: Successful login              # src/test/resources/features/login.feature:3
  Given I open the login page           # stepdefinitions.LoginSteps.openLoginPage()
  When I input username "standard_user" # stepdefinitions.LoginSteps.inputUsername(java.lang.String)
  And I input password "secret_sauce"   # stepdefinitions.LoginSteps.inputPassword(java.lang.String)
  And I click the login button          # stepdefinitions.LoginSteps.clickLoginButton()
  Then I should see the products page   # stepdefinitions.LoginSteps.verifyProductsPage()
]]></system-out>
  <system-err><![CDATA[Jul 17, 2025 10:04:36 PM org.openqa.selenium.manager.SeleniumManager lambda$runCommand$1
WARNING: There was an error managing chromedriver (error decoding response body); using driver found in the cache
Jul 17, 2025 10:05:55 PM org.openqa.selenium.devtools.CdpVersionFinder findNearestMatch
WARNING: Unable to find CDP implementation matching 138
Jul 17, 2025 10:05:55 PM org.openqa.selenium.chromium.ChromiumDriver lambda$new$5
WARNING: Unable to find version of CDP to use for 138.0.7204.157. You may need to include a dependency on a specific version of the CDP using something similar to `org.seleniumhq.selenium:selenium-devtools-v86:4.21.0` where the version ("v86") matches the version of the chromium-based browser you're using and the version number of the artifact is the same as Selenium's.
]]></system-err>
</testsuite>
